<?xml version="1.0" encoding="UTF-8"?>
<testng-results ignored="0" total="1" passed="1" failed="0" skipped="0">
  <reporter-output>
  </reporter-output>
  <suite started-at="2023-05-25T10:35:05 IST" name="***TEST RUN***" finished-at="2023-05-25T10:35:17 IST" duration-ms="11581">
    <groups>
    </groups>
    <test started-at="2023-05-25T10:35:05 IST" name="registerUser" finished-at="2023-05-25T10:35:17 IST" duration-ms="11581">
      <class name="registerUser.S100_testRegisterUser">
        <test-method is-config="true" signature="beforeSuite(org.testng.ITestContext)[pri:0, instance:registerUser.S100_testRegisterUser@73db4768]" started-at="2023-05-25T10:35:05 IST" name="beforeSuite" finished-at="2023-05-25T10:35:05 IST" duration-ms="56" status="PASS">
          <params>
            <param index="0">
              <value>
                <![CDATA[org.testng.TestRunner@d4df0e]]>
              </value>
            </param>
          </params>
          <reporter-output>
          </reporter-output>
        </test-method> <!-- beforeSuite -->
        <test-method is-config="true" signature="beforeMethod()[pri:0, instance:registerUser.S100_testRegisterUser@73db4768]" started-at="2023-05-25T10:35:06 IST" name="beforeMethod" finished-at="2023-05-25T10:35:10 IST" duration-ms="3677" status="PASS">
          <reporter-output>
          </reporter-output>
        </test-method> <!-- beforeMethod -->
        <test-method signature="registerPageTest(java.lang.String,java.lang.String)[pri:0, instance:registerUser.S100_testRegisterUser@73db4768]" started-at="2023-05-25T10:35:10 IST" name="registerPageTest" data-provider="dataEngine" finished-at="2023-05-25T10:35:16 IST" duration-ms="6242" status="PASS">
          <params>
            <param index="0">
              <value>
                <![CDATA[user1lname@gmail.com]]>
              </value>
            </param>
            <param index="1">
              <value>
                <![CDATA[Passw0rd]]>
              </value>
            </param>
          </params>
          <reporter-output>
          </reporter-output>
        </test-method> <!-- registerPageTest -->
        <test-method is-config="true" signature="TearDown()[pri:0, instance:registerUser.S100_testRegisterUser@73db4768]" started-at="2023-05-25T10:35:16 IST" name="TearDown" finished-at="2023-05-25T10:35:17 IST" duration-ms="729" status="PASS">
          <reporter-output>
          </reporter-output>
        </test-method> <!-- TearDown -->
        <test-method is-config="true" signature="afterSuite(org.testng.ITestContext)[pri:0, instance:registerUser.S100_testRegisterUser@73db4768]" started-at="2023-05-25T10:35:17 IST" name="afterSuite" finished-at="2023-05-25T10:35:18 IST" duration-ms="526" status="PASS">
          <params>
            <param index="0">
              <value>
                <![CDATA[org.testng.TestRunner@d4df0e]]>
              </value>
            </param>
          </params>
          <reporter-output>
          </reporter-output>
        </test-method> <!-- afterSuite -->
      </class> <!-- registerUser.S100_testRegisterUser -->
    </test> <!-- registerUser -->
  </suite> <!-- ***TEST RUN*** -->
</testng-results>
